==5324== Memcheck, a memory error detector
==5324== Copyright (C) 2002-2017, and GNU GPL'd, by Julian Seward et al.
==5324== Using Valgrind-3.13.0 and LibVEX; rerun with -h for copyright info
==5324== Command: ./push_swap 5 1 2 0
==5324== 
==5324== 
==5324== HEAP SUMMARY:
==5324==     in use at exit: 184 bytes in 6 blocks
==5324==   total heap usage: 8 allocs, 2 frees, 1,232 bytes allocated
==5324== 
==5324== 24 bytes in 1 blocks are indirectly lost in loss record 1 of 5
==5324==    at 0x4C2FB0F: malloc (in /usr/lib/valgrind/vgpreload_memcheck-amd64-linux.so)
==5324==    by 0x400DF6: add_element_end (initialization.c:60)
==5324==    by 0x400CC1: fill_stack (initialization.c:28)
==5324==    by 0x400BEB: init_stack (initialization.c:16)
==5324==    by 0x4005F3: main (main.c:10)
==5324== 
==5324== 24 bytes in 1 blocks are indirectly lost in loss record 2 of 5
==5324==    at 0x4C2FB0F: malloc (in /usr/lib/valgrind/vgpreload_memcheck-amd64-linux.so)
==5324==    by 0x400E71: add_element_top (initialization.c:77)
==5324==    by 0x40113F: push_a (pushandswap.c:26)
==5324==    by 0x401882: insertion_sort (push_swap.c:49)
==5324==    by 0x401776: push_swap (push_swap.c:9)
==5324==    by 0x400600: main (main.c:11)
==5324== 
==5324== 24 bytes in 1 blocks are definitely lost in loss record 3 of 5
==5324==    at 0x4C2FB0F: malloc (in /usr/lib/valgrind/vgpreload_memcheck-amd64-linux.so)
==5324==    by 0x400D81: add_element_end (initialization.c:48)
==5324==    by 0x400CC1: fill_stack (initialization.c:28)
==5324==    by 0x400BEB: init_stack (initialization.c:16)
==5324==    by 0x4005F3: main (main.c:10)
==5324== 
==5324== 48 bytes in 2 blocks are indirectly lost in loss record 4 of 5
==5324==    at 0x4C2FB0F: malloc (in /usr/lib/valgrind/vgpreload_memcheck-amd64-linux.so)
==5324==    by 0x400D81: add_element_end (initialization.c:48)
==5324==    by 0x400CC1: fill_stack (initialization.c:28)
==5324==    by 0x400BEB: init_stack (initialization.c:16)
==5324==    by 0x4005F3: main (main.c:10)
==5324== 
==5324== 160 (64 direct, 96 indirect) bytes in 1 blocks are definitely lost in loss record 5 of 5
==5324==    at 0x4C2FB0F: malloc (in /usr/lib/valgrind/vgpreload_memcheck-amd64-linux.so)
==5324==    by 0x400B61: init_stack (initialization.c:5)
==5324==    by 0x4005F3: main (main.c:10)
==5324== 
==5324== LEAK SUMMARY:
==5324==    definitely lost: 88 bytes in 2 blocks
==5324==    indirectly lost: 96 bytes in 4 blocks
==5324==      possibly lost: 0 bytes in 0 blocks
==5324==    still reachable: 0 bytes in 0 blocks
==5324==         suppressed: 0 bytes in 0 blocks
==5324== 
==5324== For counts of detected and suppressed errors, rerun with: -v
==5324== ERROR SUMMARY: 2 errors from 2 contexts (suppressed: 0 from 0)
